{
  "uid" : "6a4f28a05240f0c1",
  "name" : "test_sell[6955203664471-尺码:110,剩余:3件-80-2-刷卡-18091230219-2.0-无-10]",
  "fullName" : "sellpage_test.TestSellPage#test_sell",
  "historyId" : "b8044642216251aa13218c43efa4180f",
  "time" : {
    "start" : 1631100743008,
    "stop" : 1631100745384,
    "duration" : 2376
  },
  "description" : " 销售出库测试用例 ",
  "descriptionHtml" : "<p>销售出库测试用例</p>\n",
  "status" : "broken",
  "statusMessage" : "selenium.common.exceptions.NoSuchElementException: Message: Could not locate element with visible text: 尺码:110,剩余:3件",
  "statusTrace" : "self = <test.sellpage_test.TestSellPage object at 0x7fa7fc9bad30>, barcode = '6955203664471', goodsize = '尺码:110,剩余:3件', discount = '80', goodnum = 2, paymethod = '刷卡'\ncustomerphone = '18091230219', creditratio = '2.0', tickettype = '无', ticketsum = 10\n\n    @pytest.mark.parametrize('barcode, goodsize, discount, goodnum, paymethod, customerphone, creditratio, '\n                             'tickettype, ticketsum', data)\n    def test_sell(self, barcode, goodsize, discount, goodnum, paymethod, customerphone, creditratio, tickettype, ticketsum):\n        \"\"\" 销售出库测试用例 \"\"\"\n        sellPage = SellPage(self.driver)\n        time.sleep(1)\n>       result = sellPage.sell(barcode, goodsize, discount, goodnum, paymethod, customerphone, creditratio, tickettype, ticketsum)\n\nsellpage_test.py:48: \n_ _ _ _ _ _ _ _ _ _ _ _ _ _ _ _ _ _ _ _ _ _ _ _ _ _ _ _ _ _ _ _ _ _ _ _ _ _ _ _ _ _ _ _ _ _ _ _ _ _ _ _ _ _ _ _ _ _ _ _ _ _ _ _ _ _ _ _ _ _ _ _ _ _ _ _ _ _ _ _ _ _ _ _ _ \n../po/pages.py:63: in sell\n    Select(goodssizeList).select_by_visible_text(goodsize)\n_ _ _ _ _ _ _ _ _ _ _ _ _ _ _ _ _ _ _ _ _ _ _ _ _ _ _ _ _ _ _ _ _ _ _ _ _ _ _ _ _ _ _ _ _ _ _ _ _ _ _ _ _ _ _ _ _ _ _ _ _ _ _ _ _ _ _ _ _ _ _ _ _ _ _ _ _ _ _ _ _ _ _ _ _ \n\nself = <selenium.webdriver.support.select.Select object at 0x7fa7fc980160>, text = '尺码:110,剩余:3件'\n\n    def select_by_visible_text(self, text):\n        \"\"\"Select all options that display text matching the argument. That is, when given \"Bar\" this\n           would select an option like:\n    \n            <option value=\"foo\">Bar</option>\n    \n           :Args:\n            - text - The visible text to match against\n    \n            throws NoSuchElementException If there is no option with specisied text in SELECT\n           \"\"\"\n        xpath = \".//option[normalize-space(.) = %s]\" % self._escapeString(text)\n        opts = self._el.find_elements(By.XPATH, xpath)\n        matched = False\n        for opt in opts:\n            self._setSelected(opt)\n            if not self.is_multiple:\n                return\n            matched = True\n    \n        if len(opts) == 0 and \" \" in text:\n            subStringWithoutSpace = self._get_longest_token(text)\n            if subStringWithoutSpace == \"\":\n                candidates = self.options\n            else:\n                xpath = \".//option[contains(.,%s)]\" % self._escapeString(subStringWithoutSpace)\n                candidates = self._el.find_elements(By.XPATH, xpath)\n            for candidate in candidates:\n                if text == candidate.text:\n                    self._setSelected(candidate)\n                    if not self.is_multiple:\n                        return\n                    matched = True\n    \n        if not matched:\n>           raise NoSuchElementException(\"Could not locate element with visible text: %s\" % text)\nE           selenium.common.exceptions.NoSuchElementException: Message: Could not locate element with visible text: 尺码:110,剩余:3件\n\n/Library/Frameworks/Python.framework/Versions/3.9/lib/python3.9/site-packages/selenium/webdriver/support/select.py:140: NoSuchElementException",
  "flaky" : false,
  "newFailed" : false,
  "beforeStages" : [ {
    "name" : "xunit_setup_class_fixture_TestSellPage",
    "time" : {
      "start" : 1631100733101,
      "stop" : 1631100742997,
      "duration" : 9896
    },
    "status" : "passed",
    "steps" : [ ],
    "attachments" : [ ],
    "parameters" : [ ],
    "stepsCount" : 0,
    "attachmentsCount" : 0,
    "shouldDisplayMessage" : false,
    "hasContent" : false
  } ],
  "afterStages" : [ {
    "name" : "xunit_setup_class_fixture_TestSellPage::0",
    "time" : {
      "start" : 1631100745439,
      "stop" : 1631100745663,
      "duration" : 224
    },
    "status" : "passed",
    "steps" : [ ],
    "attachments" : [ ],
    "parameters" : [ ],
    "stepsCount" : 0,
    "attachmentsCount" : 0,
    "shouldDisplayMessage" : false,
    "hasContent" : false
  } ],
  "labels" : [ {
    "name" : "feature",
    "value" : "销售出库"
  }, {
    "name" : "suite",
    "value" : "sellpage_test"
  }, {
    "name" : "subSuite",
    "value" : "TestSellPage"
  }, {
    "name" : "host",
    "value" : "lideMacBook-Air.local"
  }, {
    "name" : "thread",
    "value" : "16459-MainThread"
  }, {
    "name" : "framework",
    "value" : "pytest"
  }, {
    "name" : "language",
    "value" : "cpython3"
  }, {
    "name" : "package",
    "value" : "sellpage_test"
  }, {
    "name" : "resultFormat",
    "value" : "allure2"
  } ],
  "parameters" : [ {
    "name" : "barcode",
    "value" : "'6955203664471'"
  }, {
    "name" : "creditratio",
    "value" : "'2.0'"
  }, {
    "name" : "customerphone",
    "value" : "'18091230219'"
  }, {
    "name" : "discount",
    "value" : "'80'"
  }, {
    "name" : "goodnum",
    "value" : "2"
  }, {
    "name" : "goodsize",
    "value" : "'尺码:110,剩余:3件'"
  }, {
    "name" : "paymethod",
    "value" : "'刷卡'"
  }, {
    "name" : "ticketsum",
    "value" : "10"
  }, {
    "name" : "tickettype",
    "value" : "'无'"
  } ],
  "links" : [ ],
  "hidden" : false,
  "retry" : false,
  "extra" : {
    "severity" : "normal",
    "retries" : [ ],
    "categories" : [ {
      "name" : "Test defects",
      "matchedStatuses" : [ ],
      "flaky" : false
    } ],
    "tags" : [ ]
  },
  "source" : "6a4f28a05240f0c1.json",
  "parameterValues" : [ "'6955203664471'", "'2.0'", "'18091230219'", "'80'", "2", "'尺码:110,剩余:3件'", "'刷卡'", "10", "'无'" ]
}